Arguments: 
  /usr/local/bin/node /usr/local/bin/yarn add zan-design

PATH: 
  /usr/local/bin:/usr/bin:/bin:/usr/sbin:/sbin

Yarn version: 
  1.7.0

Node version: 
  8.11.1

Platform: 
  darwin x64

Trace: 
  Error: ENOENT: no such file or directory, copyfile '/Users/mac/Library/Caches/Yarn/v1/npm-ansi-styles-3.2.1-41fbb20243e50b12be0f04b8dedbf07520ce841d/package.json' -> '/Users/mac/Desktop/mzjb/muzhijubao_web/node_modules/@zeit/next-css/node_modules/ansi-styles/package.json'

npm manifest: 
  {
    "name": "create-next-example-app",
    "scripts": {
      "dev": "next",
      "build": "next build && next export",
      "start": "next start"
    },
    "dependencies": {
      "@zeit/next-less": "^0.1.2",
      "all": "^0.0.0",
      "antd": "^3.5.1",
      "babel-plugin-import": "^1.6.7",
      "babel-plugin-transform-decorators-legacy": "^1.3.4",
      "babel-preset-es2015": "^6.24.1",
      "babel-preset-react": "^6.24.1",
      "babel-preset-stage-2": "^6.24.1",
      "braft-editor": "^1.9.7",
      "create-react-class": "^15.6.3",
      "css-loader": "^0.28.11",
      "express": "^4.16.3",
      "extract-text-webpack-plugin": "^3.0.2",
      "graphql-request": "^1.5.1",
      "less": "^2.7.3",
      "less-loader": "^4.1.0",
      "mobx": "^4.1.1",
      "mobx-react": "^5.0.0",
      "moment": "^2.22.0",
      "next": "^4.2.1",
      "postcss-loader": "^2.1.3",
      "prop-types": "^15.6.1",
      "raw-loader": "^0.5.1",
      "react": "^16.2.0",
      "react-color": "^2.14.1",
      "react-dom": "^16.2.0",
      "react-draft-wysiwyg": "^1.12.13",
      "react-icons": "^2.2.7",
      "style-loader": "^0.21.0",
      "styled-jsx": "^2.2.4",
      "zent": "^5.1.1"
    },
    "devDependencies": {
      "autoprefixer": "^8.5.1",
      "postcss-easy-import": "^3.0.0"
    }
  }

yarn manifest: 
  No manifest

Lockfile: 
  No lockfile
